This is XeTeX, Version 3.14159265-2.6-0.999991 (MiKTeX 2.9.7250 64-bit) (preloaded format=xelatex 2020.1.29)  29 JAN 2020 13:47
entering extended mode
**./CBS.tex
(CBS.tex
LaTeX2e <2019-10-01> patch level 3
("C:\Users\sangi\AppData\Local\Programs\MiKTeX 2.9\tex/latex/base\article.cls"
Document Class: article 2019/10/25 v1.4k Standard LaTeX document class
("C:\Users\sangi\AppData\Local\Programs\MiKTeX 2.9\tex/latex/base\size10.clo"
File: size10.clo 2019/10/25 v1.4k Standard LaTeX file (size option)
)
\c@part=\count80
\c@section=\count81
\c@subsection=\count82
\c@subsubsection=\count83
\c@paragraph=\count84
\c@subparagraph=\count85
\c@figure=\count86
\c@table=\count87
\abovecaptionskip=\skip41
\belowcaptionskip=\skip42
\bibindent=\dimen102
)
("C:\Users\sangi\AppData\Local\Programs\MiKTeX 2.9\tex/latex/pdfpages\pdfpages.
sty"
Package: pdfpages 2019/12/17 v0.5p Insert pages of external PDF documents (AM)

("C:\Users\sangi\AppData\Local\Programs\MiKTeX 2.9\tex/latex/base\ifthen.sty"
Package: ifthen 2014/09/29 v1.1c Standard LaTeX ifthen package (DPC)
)
("C:\Users\sangi\AppData\Local\Programs\MiKTeX 2.9\tex/latex/tools\calc.sty"
Package: calc 2017/05/25 v4.3 Infix arithmetic (KKT,FJ)
\calc@Acount=\count88
\calc@Bcount=\count89
\calc@Adimen=\dimen103
\calc@Bdimen=\dimen104
\calc@Askip=\skip43
\calc@Bskip=\skip44
LaTeX Info: Redefining \setlength on input line 80.
LaTeX Info: Redefining \addtolength on input line 81.
\calc@Ccount=\count90
\calc@Cskip=\skip45
)
("C:\Users\sangi\AppData\Local\Programs\MiKTeX 2.9\tex/latex/eso-pic\eso-pic.st
y"
Package: eso-pic 2018/04/12 v2.0h eso-pic (RN)

("C:\Users\sangi\AppData\Local\Programs\MiKTeX 2.9\tex/generic/oberdiek\atbegsh
i.sty"
Package: atbegshi 2016/06/09 v1.18 At begin shipout hook (HO)

("C:\Users\sangi\AppData\Local\Programs\MiKTeX 2.9\tex/generic/oberdiek\infware
rr.sty"
Package: infwarerr 2016/05/16 v1.4 Providing info/warning/error messages (HO)
)
("C:\Users\sangi\AppData\Local\Programs\MiKTeX 2.9\tex/generic/oberdiek\ltxcmds
.sty"
Package: ltxcmds 2016/05/16 v1.23 LaTeX kernel commands for general use (HO)
)
("C:\Users\sangi\AppData\Local\Programs\MiKTeX 2.9\tex/generic/iftex\ifpdf.sty"
Package: ifpdf 2019/10/25 v3.4 ifpdf legacy package. Use iftex instead.
("C:\Users\sangi\AppData\Local\Programs\MiKTeX 2.9\tex/generic/iftex\iftex.sty"
Package: iftex 2019/11/07 v1.0c TeX engine tests
)))
("C:\Users\sangi\AppData\Local\Programs\MiKTeX 2.9\tex/latex/graphics\keyval.st
y"
Package: keyval 2014/10/28 v1.15 key=value parser (DPC)
\KV@toks@=\toks14
)
("C:\Users\sangi\AppData\Local\Programs\MiKTeX 2.9\tex/latex/xcolor\xcolor.sty"
Package: xcolor 2016/05/11 v2.12 LaTeX color extensions (UK)

("C:\Users\sangi\AppData\Local\Programs\MiKTeX 2.9\tex/latex/graphics-cfg\color
.cfg"
File: color.cfg 2016/01/02 v1.6 sample color configuration
)
Package xcolor Info: Driver file: xetex.def on input line 225.

("C:\Users\sangi\AppData\Local\Programs\MiKTeX 2.9\tex/latex/graphics-def\xetex
.def"
File: xetex.def 2017/06/24 v5.0h Graphics/color driver for xetex
)
Package xcolor Info: Model `cmy' substituted by `cmy0' on input line 1348.
Package xcolor Info: Model `RGB' extended on input line 1364.
Package xcolor Info: Model `HTML' substituted by `rgb' on input line 1366.
Package xcolor Info: Model `Hsb' substituted by `hsb' on input line 1367.
Package xcolor Info: Model `tHsb' substituted by `hsb' on input line 1368.
Package xcolor Info: Model `HSB' substituted by `hsb' on input line 1369.
Package xcolor Info: Model `Gray' substituted by `gray' on input line 1370.
Package xcolor Info: Model `wave' substituted by `hsb' on input line 1371.
))
("C:\Users\sangi\AppData\Local\Programs\MiKTeX 2.9\tex/latex/graphics\graphicx.
sty"
Package: graphicx 2017/06/01 v1.1a Enhanced LaTeX Graphics (DPC,SPQR)

("C:\Users\sangi\AppData\Local\Programs\MiKTeX 2.9\tex/latex/graphics\graphics.
sty"
Package: graphics 2019/11/01 v1.3d Standard LaTeX Graphics (DPC,SPQR)

("C:\Users\sangi\AppData\Local\Programs\MiKTeX 2.9\tex/latex/graphics\trig.sty"
Package: trig 2016/01/03 v1.10 sin cos tan (DPC)
)
("C:\Users\sangi\AppData\Local\Programs\MiKTeX 2.9\tex/latex/graphics-cfg\graph
ics.cfg"
File: graphics.cfg 2016/06/04 v1.11 sample graphics configuration
)
Package graphics Info: Driver file: xetex.def on input line 105.
)
\Gin@req@height=\dimen105
\Gin@req@width=\dimen106
)
\AM@pagewidth=\dimen107
\AM@pageheight=\dimen108

("C:\Users\sangi\AppData\Local\Programs\MiKTeX 2.9\tex/latex/pdfpages\ppxetex.d
ef"
File: ppxetex.def 2019/12/17 v0.5p Pdfpages driver for XeTeX (AM)
)
\AM@pagebox=\box27
\AM@global@opts=\toks15
\AM@toc@title=\toks16
\c@AM@survey=\count91
\AM@templatesizebox=\box28
) (C:/PROGRA~1/R/R-35~1.3/share/texmf/tex/latex\Sweave.sty
Package: Sweave 

("C:\Users\sangi\AppData\Local\Programs\MiKTeX 2.9\tex/latex/fancyvrb\fancyvrb.
sty"
Package: fancyvrb 2020/01/13 v3.5 verbatim text (tvz,hv)
\FV@CodeLineNo=\count92
\FV@InFile=\read1
\FV@TabBox=\box29
\c@FancyVerbLine=\count93
\FV@StepNumber=\count94
\FV@OutFile=\write3
)
("C:\Users\sangi\AppData\Local\Programs\MiKTeX 2.9\tex/latex/base\textcomp.sty"
Package: textcomp 2018/08/11 v2.0j Standard LaTeX package
Package textcomp Info: Sub-encoding information:
(textcomp)               5 = only ISO-Adobe without \textcurrency
(textcomp)               4 = 5 + \texteuro
(textcomp)               3 = 4 + \textohm
(textcomp)               2 = 3 + \textestimated + \textcurrency
(textcomp)               1 = TS1 - \textcircled - \t
(textcomp)               0 = TS1 (full)
(textcomp)             Font families with sub-encoding setting implement
(textcomp)             only a restricted character set as indicated.
(textcomp)             Family '?' is the default used for unknown fonts.
(textcomp)             See the documentation for details.
Package textcomp Info: Setting ? sub-encoding to TS1/1 on input line 79.
("C:\Users\sangi\AppData\Local\Programs\MiKTeX 2.9\tex/latex/base\ts1enc.def"
File: ts1enc.def 2001/06/05 v3.0e (jk/car/fm) Standard LaTeX file
)
LaTeX Info: Redefining \oldstylenums on input line 334.
Package textcomp Info: Setting cmr sub-encoding to TS1/0 on input line 349.
Package textcomp Info: Setting cmss sub-encoding to TS1/0 on input line 350.
Package textcomp Info: Setting cmtt sub-encoding to TS1/0 on input line 351.
Package textcomp Info: Setting cmvtt sub-encoding to TS1/0 on input line 352.
Package textcomp Info: Setting cmbr sub-encoding to TS1/0 on input line 353.
Package textcomp Info: Setting cmtl sub-encoding to TS1/0 on input line 354.
Package textcomp Info: Setting ccr sub-encoding to TS1/0 on input line 355.
Package textcomp Info: Setting ptm sub-encoding to TS1/4 on input line 356.
Package textcomp Info: Setting pcr sub-encoding to TS1/4 on input line 357.
Package textcomp Info: Setting phv sub-encoding to TS1/4 on input line 358.
Package textcomp Info: Setting ppl sub-encoding to TS1/3 on input line 359.
Package textcomp Info: Setting pag sub-encoding to TS1/4 on input line 360.
Package textcomp Info: Setting pbk sub-encoding to TS1/4 on input line 361.
Package textcomp Info: Setting pnc sub-encoding to TS1/4 on input line 362.
Package textcomp Info: Setting pzc sub-encoding to TS1/4 on input line 363.
Package textcomp Info: Setting bch sub-encoding to TS1/4 on input line 364.
Package textcomp Info: Setting put sub-encoding to TS1/5 on input line 365.
Package textcomp Info: Setting uag sub-encoding to TS1/5 on input line 366.
Package textcomp Info: Setting ugq sub-encoding to TS1/5 on input line 367.
Package textcomp Info: Setting ul8 sub-encoding to TS1/4 on input line 368.
Package textcomp Info: Setting ul9 sub-encoding to TS1/4 on input line 369.
Package textcomp Info: Setting augie sub-encoding to TS1/5 on input line 370.
Package textcomp Info: Setting dayrom sub-encoding to TS1/3 on input line 371.
Package textcomp Info: Setting dayroms sub-encoding to TS1/3 on input line 372.

Package textcomp Info: Setting pxr sub-encoding to TS1/0 on input line 373.
Package textcomp Info: Setting pxss sub-encoding to TS1/0 on input line 374.
Package textcomp Info: Setting pxtt sub-encoding to TS1/0 on input line 375.
Package textcomp Info: Setting txr sub-encoding to TS1/0 on input line 376.
Package textcomp Info: Setting txss sub-encoding to TS1/0 on input line 377.
Package textcomp Info: Setting txtt sub-encoding to TS1/0 on input line 378.
Package textcomp Info: Setting lmr sub-encoding to TS1/0 on input line 379.
Package textcomp Info: Setting lmdh sub-encoding to TS1/0 on input line 380.
Package textcomp Info: Setting lmss sub-encoding to TS1/0 on input line 381.
Package textcomp Info: Setting lmssq sub-encoding to TS1/0 on input line 382.
Package textcomp Info: Setting lmvtt sub-encoding to TS1/0 on input line 383.
Package textcomp Info: Setting lmtt sub-encoding to TS1/0 on input line 384.
Package textcomp Info: Setting qhv sub-encoding to TS1/0 on input line 385.
Package textcomp Info: Setting qag sub-encoding to TS1/0 on input line 386.
Package textcomp Info: Setting qbk sub-encoding to TS1/0 on input line 387.
Package textcomp Info: Setting qcr sub-encoding to TS1/0 on input line 388.
Package textcomp Info: Setting qcs sub-encoding to TS1/0 on input line 389.
Package textcomp Info: Setting qpl sub-encoding to TS1/0 on input line 390.
Package textcomp Info: Setting qtm sub-encoding to TS1/0 on input line 391.
Package textcomp Info: Setting qzc sub-encoding to TS1/0 on input line 392.
Package textcomp Info: Setting qhvc sub-encoding to TS1/0 on input line 393.
Package textcomp Info: Setting futs sub-encoding to TS1/4 on input line 394.
Package textcomp Info: Setting futx sub-encoding to TS1/4 on input line 395.
Package textcomp Info: Setting futj sub-encoding to TS1/4 on input line 396.
Package textcomp Info: Setting hlh sub-encoding to TS1/3 on input line 397.
Package textcomp Info: Setting hls sub-encoding to TS1/3 on input line 398.
Package textcomp Info: Setting hlst sub-encoding to TS1/3 on input line 399.
Package textcomp Info: Setting hlct sub-encoding to TS1/5 on input line 400.
Package textcomp Info: Setting hlx sub-encoding to TS1/5 on input line 401.
Package textcomp Info: Setting hlce sub-encoding to TS1/5 on input line 402.
Package textcomp Info: Setting hlcn sub-encoding to TS1/5 on input line 403.
Package textcomp Info: Setting hlcw sub-encoding to TS1/5 on input line 404.
Package textcomp Info: Setting hlcf sub-encoding to TS1/5 on input line 405.
Package textcomp Info: Setting pplx sub-encoding to TS1/3 on input line 406.
Package textcomp Info: Setting pplj sub-encoding to TS1/3 on input line 407.
Package textcomp Info: Setting ptmx sub-encoding to TS1/4 on input line 408.
Package textcomp Info: Setting ptmj sub-encoding to TS1/4 on input line 409.
) ("C:\Users\sangi\AppData\Local\Programs\MiKTeX 2.9\tex/latex/base\fontenc.sty
"
Package: fontenc 2018/08/11 v2.0j Standard LaTeX package
("C:\Users\sangi\AppData\Local\Programs\MiKTeX 2.9\tex/latex/base\t1enc.def"
File: t1enc.def 2018/08/11 v2.0j Standard LaTeX file
LaTeX Font Info:    Redeclaring font encoding T1 on input line 48.
)
LaTeX Font Info:    Trying to load font information for T1+lmr on input line 10
5.

("C:\Users\sangi\AppData\Local\Programs\MiKTeX 2.9\tex/latex/lm\t1lmr.fd"
File: t1lmr.fd 2009/10/30 v1.6 Font defs for Latin Modern
))
("C:\Users\sangi\AppData\Local\Programs\MiKTeX 2.9\tex/latex/ae\ae.sty"
Package: ae 2001/02/12 1.3 Almost European Computer Modern

("C:\Users\sangi\AppData\Local\Programs\MiKTeX 2.9\tex/latex/base\fontenc.sty"
Package: fontenc 2018/08/11 v2.0j Standard LaTeX package

("C:\Users\sangi\AppData\Local\Programs\MiKTeX 2.9\tex/latex/base\t1enc.def"
File: t1enc.def 2018/08/11 v2.0j Standard LaTeX file
LaTeX Font Info:    Redeclaring font encoding T1 on input line 48.
)
LaTeX Font Info:    Trying to load font information for T1+aer on input line 10
5.

("C:\Users\sangi\AppData\Local\Programs\MiKTeX 2.9\tex/latex/ae\t1aer.fd"
File: t1aer.fd 1997/11/16 Font definitions for T1/aer.
))))
(CBS.aux)
\openout1 = `CBS.aux'.

LaTeX Font Info:    Checking defaults for OML/cmm/m/it on input line 6.
LaTeX Font Info:    ... okay on input line 6.
LaTeX Font Info:    Checking defaults for T1/cmr/m/n on input line 6.
LaTeX Font Info:    ... okay on input line 6.
LaTeX Font Info:    Checking defaults for OT1/cmr/m/n on input line 6.
LaTeX Font Info:    ... okay on input line 6.
LaTeX Font Info:    Checking defaults for OMS/cmsy/m/n on input line 6.
LaTeX Font Info:    ... okay on input line 6.
LaTeX Font Info:    Checking defaults for TU/lmr/m/n on input line 6.
LaTeX Font Info:    ... okay on input line 6.
LaTeX Font Info:    Checking defaults for OMX/cmex/m/n on input line 6.
LaTeX Font Info:    ... okay on input line 6.
LaTeX Font Info:    Checking defaults for U/cmr/m/n on input line 6.
LaTeX Font Info:    ... okay on input line 6.
LaTeX Font Info:    Checking defaults for TS1/cmr/m/n on input line 6.
LaTeX Font Info:    Trying to load font information for TS1+cmr on input line 6
.

("C:\Users\sangi\AppData\Local\Programs\MiKTeX 2.9\tex/latex/base\ts1cmr.fd"
File: ts1cmr.fd 2014/09/29 v2.5h Standard LaTeX font definitions
)
LaTeX Font Info:    ... okay on input line 6.
\AtBeginShipoutBox=\box30

("C:\Users\sangi\AppData\Local\Programs\MiKTeX 2.9\tex/latex/oberdiek\pdflscape
.sty"
Package: pdflscape 2016/05/14 v0.11 Display of landscape pages in PDF (HO)

("C:\Users\sangi\AppData\Local\Programs\MiKTeX 2.9\tex/latex/graphics\lscape.st
y"
Package: lscape 2000/10/22 v3.01 Landscape Pages (DPC)
)
("C:\Users\sangi\AppData\Local\Programs\MiKTeX 2.9\tex/generic/iftex\ifxetex.st
y"
Package: ifxetex 2019/10/25 v0.7 ifxetex legacy package. Use iftex instead.
)
Package pdflscape Info: Auto-detected driver: dvipdfm (xetex) on input line 102
.
) (CBS-concordance.tex
\pdfoutput=\count95
)
File: CBS_Manuscript.pdf Graphic file (type pdf)
<use CBS_Manuscript.pdf>
File: CBS_Manuscript.pdf Graphic file (type pdf)
<use CBS_Manuscript.pdf>
File: CBS_Manuscript.pdf Graphic file (type pdf)
<use CBS_Manuscript.pdf, page 1>
File: CBS_Manuscript.pdf Graphic file (type pdf)
<use CBS_Manuscript.pdf, page 1>
File: CBS_Manuscript.pdf Graphic file (type pdf)
<use CBS_Manuscript.pdf, page 1>
File: CBS_Manuscript.pdf Graphic file (type pdf)
<use CBS_Manuscript.pdf, page 1>
File: CBS_Manuscript.pdf Graphic file (type pdf)
<use CBS_Manuscript.pdf, page 1>
 [1

]
File: CBS_Manuscript.pdf Graphic file (type pdf)
<use CBS_Manuscript.pdf, page 2>
File: CBS_Manuscript.pdf Graphic file (type pdf)
<use CBS_Manuscript.pdf, page 2>
File: CBS_Manuscript.pdf Graphic file (type pdf)
<use CBS_Manuscript.pdf, page 2>
 [2]
File: CBS_Manuscript.pdf Graphic file (type pdf)
<use CBS_Manuscript.pdf, page 3>
File: CBS_Manuscript.pdf Graphic file (type pdf)
<use CBS_Manuscript.pdf, page 3>
File: CBS_Manuscript.pdf Graphic file (type pdf)
<use CBS_Manuscript.pdf, page 3>
 [3]
File: CBS_Manuscript.pdf Graphic file (type pdf)
<use CBS_Manuscript.pdf, page 4>
File: CBS_Manuscript.pdf Graphic file (type pdf)
<use CBS_Manuscript.pdf, page 4>
File: CBS_Manuscript.pdf Graphic file (type pdf)
<use CBS_Manuscript.pdf, page 4>
 [4]
File: CBS_Manuscript.pdf Graphic file (type pdf)
<use CBS_Manuscript.pdf, page 5>
File: CBS_Manuscript.pdf Graphic file (type pdf)
<use CBS_Manuscript.pdf, page 5>
File: CBS_Manuscript.pdf Graphic file (type pdf)
<use CBS_Manuscript.pdf, page 5>
 [5]
File: CBS_Manuscript.pdf Graphic file (type pdf)
<use CBS_Manuscript.pdf, page 6>
File: CBS_Manuscript.pdf Graphic file (type pdf)
<use CBS_Manuscript.pdf, page 6>
File: CBS_Manuscript.pdf Graphic file (type pdf)
<use CBS_Manuscript.pdf, page 6>
 [6]
File: CBS_Manuscript.pdf Graphic file (type pdf)
<use CBS_Manuscript.pdf, page 7>
File: CBS_Manuscript.pdf Graphic file (type pdf)
<use CBS_Manuscript.pdf, page 7>
File: CBS_Manuscript.pdf Graphic file (type pdf)
<use CBS_Manuscript.pdf, page 7>
 [7]
File: CBS_Manuscript.pdf Graphic file (type pdf)
<use CBS_Manuscript.pdf, page 8>
File: CBS_Manuscript.pdf Graphic file (type pdf)
<use CBS_Manuscript.pdf, page 8>
File: CBS_Manuscript.pdf Graphic file (type pdf)
<use CBS_Manuscript.pdf, page 8>
 [8]
File: CBS_Manuscript.pdf Graphic file (type pdf)
<use CBS_Manuscript.pdf, page 9>
File: CBS_Manuscript.pdf Graphic file (type pdf)
<use CBS_Manuscript.pdf, page 9>
File: CBS_Manuscript.pdf Graphic file (type pdf)
<use CBS_Manuscript.pdf, page 9>
 [9]
File: CBS_Manuscript.pdf Graphic file (type pdf)
<use CBS_Manuscript.pdf, page 10>
File: CBS_Manuscript.pdf Graphic file (type pdf)
<use CBS_Manuscript.pdf, page 10>
File: CBS_Manuscript.pdf Graphic file (type pdf)
<use CBS_Manuscript.pdf, page 10>
 [10]
File: CBS_Manuscript.pdf Graphic file (type pdf)
<use CBS_Manuscript.pdf, page 11>
File: CBS_Manuscript.pdf Graphic file (type pdf)
<use CBS_Manuscript.pdf, page 11>
File: CBS_Manuscript.pdf Graphic file (type pdf)
<use CBS_Manuscript.pdf, page 11>
 [11]
File: CBS_Manuscript.pdf Graphic file (type pdf)
<use CBS_Manuscript.pdf, page 12>
File: CBS_Manuscript.pdf Graphic file (type pdf)
<use CBS_Manuscript.pdf, page 12>
File: CBS_Manuscript.pdf Graphic file (type pdf)
<use CBS_Manuscript.pdf, page 12>

[12]
File: CBS_Manuscript.pdf Graphic file (type pdf)
<use CBS_Manuscript.pdf, page 13>
File: CBS_Manuscript.pdf Graphic file (type pdf)
<use CBS_Manuscript.pdf, page 13>
File: CBS_Manuscript.pdf Graphic file (type pdf)
<use CBS_Manuscript.pdf, page 13>
 [13]
File: CBS_Manuscript.pdf Graphic file (type pdf)
<use CBS_Manuscript.pdf, page 14>
File: CBS_Manuscript.pdf Graphic file (type pdf)
<use CBS_Manuscript.pdf, page 14>
File: CBS_Manuscript.pdf Graphic file (type pdf)
<use CBS_Manuscript.pdf, page 14>
 [14]
File: CBS_Manuscript.pdf Graphic file (type pdf)
<use CBS_Manuscript.pdf, page 15>
File: CBS_Manuscript.pdf Graphic file (type pdf)
<use CBS_Manuscript.pdf, page 15>
File: CBS_Manuscript.pdf Graphic file (type pdf)
<use CBS_Manuscript.pdf, page 15>
 [15]
File: CBS_Manuscript.pdf Graphic file (type pdf)
<use CBS_Manuscript.pdf, page 16>
File: CBS_Manuscript.pdf Graphic file (type pdf)
<use CBS_Manuscript.pdf, page 16>
File: CBS_Manuscript.pdf Graphic file (type pdf)
<use CBS_Manuscript.pdf, page 16>
 [16]
File: CBS_Manuscript.pdf Graphic file (type pdf)
<use CBS_Manuscript.pdf, page 17>
File: CBS_Manuscript.pdf Graphic file (type pdf)
<use CBS_Manuscript.pdf, page 17>
File: CBS_Manuscript.pdf Graphic file (type pdf)
<use CBS_Manuscript.pdf, page 17>
 [17]
File: CBS_Manuscript.pdf Graphic file (type pdf)
<use CBS_Manuscript.pdf, page 18>
File: CBS_Manuscript.pdf Graphic file (type pdf)
<use CBS_Manuscript.pdf, page 18>
File: CBS_Manuscript.pdf Graphic file (type pdf)
<use CBS_Manuscript.pdf, page 18>
 [18]
File: CBS_Manuscript.pdf Graphic file (type pdf)
<use CBS_Manuscript.pdf, page 19>
File: CBS_Manuscript.pdf Graphic file (type pdf)
<use CBS_Manuscript.pdf, page 19>
File: CBS_Manuscript.pdf Graphic file (type pdf)
<use CBS_Manuscript.pdf, page 19>
 [19]
File: CBS_Manuscript.pdf Graphic file (type pdf)
<use CBS_Manuscript.pdf, page 20>
File: CBS_Manuscript.pdf Graphic file (type pdf)
<use CBS_Manuscript.pdf, page 20>
File: CBS_Manuscript.pdf Graphic file (type pdf)
<use CBS_Manuscript.pdf, page 20>
 [20]
File: CBS_Manuscript.pdf Graphic file (type pdf)
<use CBS_Manuscript.pdf, page 21>
File: CBS_Manuscript.pdf Graphic file (type pdf)
<use CBS_Manuscript.pdf, page 21>
File: CBS_Manuscript.pdf Graphic file (type pdf)
<use CBS_Manuscript.pdf, page 21>
 [21]
File: CBS_Manuscript.pdf Graphic file (type pdf)
<use CBS_Manuscript.pdf, page 22>
File: CBS_Manuscript.pdf Graphic file (type pdf)
<use CBS_Manuscript.pdf, page 22>
File: CBS_Manuscript.pdf Graphic file (type pdf)
<use CBS_Manuscript.pdf, page 22>
 [22]
File: CBS_Manuscript.pdf Graphic file (type pdf)
<use CBS_Manuscript.pdf, page 23>
File: CBS_Manuscript.pdf Graphic file (type pdf)
<use CBS_Manuscript.pdf, page 23>
File: CBS_Manuscript.pdf Graphic file (type pdf)
<use CBS_Manuscript.pdf, page 23>
 [23]
File: CBS_Manuscript.pdf Graphic file (type pdf)
<use CBS_Manuscript.pdf, page 24>
File: CBS_Manuscript.pdf Graphic file (type pdf)
<use CBS_Manuscript.pdf, page 24>
File: CBS_Manuscript.pdf Graphic file (type pdf)
<use CBS_Manuscript.pdf, page 24>
 [24]
File: CBS_Manuscript.pdf Graphic file (type pdf)
<use CBS_Manuscript.pdf, page 25>
File: CBS_Manuscript.pdf Graphic file (type pdf)
<use CBS_Manuscript.pdf, page 25>
File: CBS_Manuscript.pdf Graphic file (type pdf)
<use CBS_Manuscript.pdf, page 25>
 [25]
File: CBS_Manuscript.pdf Graphic file (type pdf)
<use CBS_Manuscript.pdf, page 26>
File: CBS_Manuscript.pdf Graphic file (type pdf)
<use CBS_Manuscript.pdf, page 26>
File: CBS_Manuscript.pdf Graphic file (type pdf)
<use CBS_Manuscript.pdf, page 26>
 [26]
File: CBS_Manuscript.pdf Graphic file (type pdf)
<use CBS_Manuscript.pdf, page 27>
File: CBS_Manuscript.pdf Graphic file (type pdf)
<use CBS_Manuscript.pdf, page 27>
File: CBS_Manuscript.pdf Graphic file (type pdf)
<use CBS_Manuscript.pdf, page 27>

[27]
File: CBS_Manuscript.pdf Graphic file (type pdf)
<use CBS_Manuscript.pdf, page 28>
File: CBS_Manuscript.pdf Graphic file (type pdf)
<use CBS_Manuscript.pdf, page 28>
File: CBS_Manuscript.pdf Graphic file (type pdf)
<use CBS_Manuscript.pdf, page 28>
 [28]
File: CBS_Manuscript.pdf Graphic file (type pdf)
<use CBS_Manuscript.pdf, page 29>
File: CBS_Manuscript.pdf Graphic file (type pdf)
<use CBS_Manuscript.pdf, page 29>
File: CBS_Manuscript.pdf Graphic file (type pdf)
<use CBS_Manuscript.pdf, page 29>
 [29]
File: CBS_Manuscript.pdf Graphic file (type pdf)
<use CBS_Manuscript.pdf, page 30>
File: CBS_Manuscript.pdf Graphic file (type pdf)
<use CBS_Manuscript.pdf, page 30>
File: CBS_Manuscript.pdf Graphic file (type pdf)
<use CBS_Manuscript.pdf, page 30>
 [30]
File: CBS_Manuscript.pdf Graphic file (type pdf)
<use CBS_Manuscript.pdf, page 31>
File: CBS_Manuscript.pdf Graphic file (type pdf)
<use CBS_Manuscript.pdf, page 31>
File: CBS_Manuscript.pdf Graphic file (type pdf)
<use CBS_Manuscript.pdf, page 31>
 [31]
File: CBS_Manuscript.pdf Graphic file (type pdf)
<use CBS_Manuscript.pdf, page 32>
File: CBS_Manuscript.pdf Graphic file (type pdf)
<use CBS_Manuscript.pdf, page 32>
File: CBS_Manuscript.pdf Graphic file (type pdf)
<use CBS_Manuscript.pdf, page 32>
 [32]
File: CBS_Manuscript.pdf Graphic file (type pdf)
<use CBS_Manuscript.pdf, page 33>
File: CBS_Manuscript.pdf Graphic file (type pdf)
<use CBS_Manuscript.pdf, page 33>
File: CBS_Manuscript.pdf Graphic file (type pdf)
<use CBS_Manuscript.pdf, page 33>
 [33]
File: CBS_Manuscript.pdf Graphic file (type pdf)
<use CBS_Manuscript.pdf, page 34>
File: CBS_Manuscript.pdf Graphic file (type pdf)
<use CBS_Manuscript.pdf, page 34>
File: CBS_Manuscript.pdf Graphic file (type pdf)
<use CBS_Manuscript.pdf, page 34>
 [34]
File: CBS_Manuscript.pdf Graphic file (type pdf)
<use CBS_Manuscript.pdf, page 35>
File: CBS_Manuscript.pdf Graphic file (type pdf)
<use CBS_Manuscript.pdf, page 35>
File: CBS_Manuscript.pdf Graphic file (type pdf)
<use CBS_Manuscript.pdf, page 35>
 [35]
File: CBS_Manuscript.pdf Graphic file (type pdf)
<use CBS_Manuscript.pdf, page 36>
File: CBS_Manuscript.pdf Graphic file (type pdf)
<use CBS_Manuscript.pdf, page 36>
File: CBS_Manuscript.pdf Graphic file (type pdf)
<use CBS_Manuscript.pdf, page 36>
 [36]
File: CBS_Manuscript.pdf Graphic file (type pdf)
<use CBS_Manuscript.pdf, page 37>
File: CBS_Manuscript.pdf Graphic file (type pdf)
<use CBS_Manuscript.pdf, page 37>
File: CBS_Manuscript.pdf Graphic file (type pdf)
<use CBS_Manuscript.pdf, page 37>
 [37]
File: CBS_Manuscript.pdf Graphic file (type pdf)
<use CBS_Manuscript.pdf, page 38>
File: CBS_Manuscript.pdf Graphic file (type pdf)
<use CBS_Manuscript.pdf, page 38>
File: CBS_Manuscript.pdf Graphic file (type pdf)
<use CBS_Manuscript.pdf, page 38>
 [38]
File: CBS_Manuscript.pdf Graphic file (type pdf)
<use CBS_Manuscript.pdf, page 39>
File: CBS_Manuscript.pdf Graphic file (type pdf)
<use CBS_Manuscript.pdf, page 39>
File: CBS_Manuscript.pdf Graphic file (type pdf)
<use CBS_Manuscript.pdf, page 39>
 [39]
File: CBS_Manuscript.pdf Graphic file (type pdf)
<use CBS_Manuscript.pdf, page 40>
File: CBS_Manuscript.pdf Graphic file (type pdf)
<use CBS_Manuscript.pdf, page 40>
File: CBS_Manuscript.pdf Graphic file (type pdf)
<use CBS_Manuscript.pdf, page 40>
 [40]
File: CBS_Manuscript.pdf Graphic file (type pdf)
<use CBS_Manuscript.pdf, page 41>
File: CBS_Manuscript.pdf Graphic file (type pdf)
<use CBS_Manuscript.pdf, page 41>
File: CBS_Manuscript.pdf Graphic file (type pdf)
<use CBS_Manuscript.pdf, page 41>
 [41]
File: CBS_Manuscript.pdf Graphic file (type pdf)
<use CBS_Manuscript.pdf, page 42>
File: CBS_Manuscript.pdf Graphic file (type pdf)
<use CBS_Manuscript.pdf, page 42>
File: CBS_Manuscript.pdf Graphic file (type pdf)
<use CBS_Manuscript.pdf, page 42>

[42]
File: CBS_Manuscript.pdf Graphic file (type pdf)
<use CBS_Manuscript.pdf, page 43>
File: CBS_Manuscript.pdf Graphic file (type pdf)
<use CBS_Manuscript.pdf, page 43>
File: CBS_Manuscript.pdf Graphic file (type pdf)
<use CBS_Manuscript.pdf, page 43>
 [43]
File: CBS_Manuscript.pdf Graphic file (type pdf)
<use CBS_Manuscript.pdf, page 44>
File: CBS_Manuscript.pdf Graphic file (type pdf)
<use CBS_Manuscript.pdf, page 44>
File: CBS_Manuscript.pdf Graphic file (type pdf)
<use CBS_Manuscript.pdf, page 44>
 [44]
File: CBS_Manuscript.pdf Graphic file (type pdf)
<use CBS_Manuscript.pdf, page 45>
File: CBS_Manuscript.pdf Graphic file (type pdf)
<use CBS_Manuscript.pdf, page 45>
File: CBS_Manuscript.pdf Graphic file (type pdf)
<use CBS_Manuscript.pdf, page 45>
 [45]
File: CBS_Manuscript.pdf Graphic file (type pdf)
<use CBS_Manuscript.pdf, page 46>
File: CBS_Manuscript.pdf Graphic file (type pdf)
<use CBS_Manuscript.pdf, page 46>
File: CBS_Manuscript.pdf Graphic file (type pdf)
<use CBS_Manuscript.pdf, page 46>
 [46]
File: CBS_Manuscript.pdf Graphic file (type pdf)
<use CBS_Manuscript.pdf, page 47>
File: CBS_Manuscript.pdf Graphic file (type pdf)
<use CBS_Manuscript.pdf, page 47>
File: CBS_Manuscript.pdf Graphic file (type pdf)
<use CBS_Manuscript.pdf, page 47>
 [47]
File: CBS_Manuscript.pdf Graphic file (type pdf)
<use CBS_Manuscript.pdf, page 48>
File: CBS_Manuscript.pdf Graphic file (type pdf)
<use CBS_Manuscript.pdf, page 48>
File: CBS_Manuscript.pdf Graphic file (type pdf)
<use CBS_Manuscript.pdf, page 48>
 [48]
File: CBS_Manuscript.pdf Graphic file (type pdf)
<use CBS_Manuscript.pdf, page 49>
File: CBS_Manuscript.pdf Graphic file (type pdf)
<use CBS_Manuscript.pdf, page 49>
File: CBS_Manuscript.pdf Graphic file (type pdf)
<use CBS_Manuscript.pdf, page 49>
 [49]
File: CBS_Manuscript.pdf Graphic file (type pdf)
<use CBS_Manuscript.pdf, page 50>
File: CBS_Manuscript.pdf Graphic file (type pdf)
<use CBS_Manuscript.pdf, page 50>
File: CBS_Manuscript.pdf Graphic file (type pdf)
<use CBS_Manuscript.pdf, page 50>
 [50]
File: CBS_Manuscript.pdf Graphic file (type pdf)
<use CBS_Manuscript.pdf, page 51>
File: CBS_Manuscript.pdf Graphic file (type pdf)
<use CBS_Manuscript.pdf, page 51>
File: CBS_Manuscript.pdf Graphic file (type pdf)
<use CBS_Manuscript.pdf, page 51>
 [51]
File: CBS_Manuscript.pdf Graphic file (type pdf)
<use CBS_Manuscript.pdf, page 52>
File: CBS_Manuscript.pdf Graphic file (type pdf)
<use CBS_Manuscript.pdf, page 52>
File: CBS_Manuscript.pdf Graphic file (type pdf)
<use CBS_Manuscript.pdf, page 52>
 [52]
File: CBS_Manuscript.pdf Graphic file (type pdf)
<use CBS_Manuscript.pdf, page 53>
File: CBS_Manuscript.pdf Graphic file (type pdf)
<use CBS_Manuscript.pdf, page 53>
File: CBS_Manuscript.pdf Graphic file (type pdf)
<use CBS_Manuscript.pdf, page 53>
 [53]
File: CBS_Manuscript.pdf Graphic file (type pdf)
<use CBS_Manuscript.pdf, page 54>
File: CBS_Manuscript.pdf Graphic file (type pdf)
<use CBS_Manuscript.pdf, page 54>
File: CBS_Manuscript.pdf Graphic file (type pdf)
<use CBS_Manuscript.pdf, page 54>
 [54]
File: CBS_Manuscript.pdf Graphic file (type pdf)
<use CBS_Manuscript.pdf, page 55>
File: CBS_Manuscript.pdf Graphic file (type pdf)
<use CBS_Manuscript.pdf, page 55>
File: CBS_Manuscript.pdf Graphic file (type pdf)
<use CBS_Manuscript.pdf, page 55>
 [55]
File: CBS_Manuscript.pdf Graphic file (type pdf)
<use CBS_Manuscript.pdf, page 56>
File: CBS_Manuscript.pdf Graphic file (type pdf)
<use CBS_Manuscript.pdf, page 56>
File: CBS_Manuscript.pdf Graphic file (type pdf)
<use CBS_Manuscript.pdf, page 56>
 [56]
File: CBS_Manuscript.pdf Graphic file (type pdf)
<use CBS_Manuscript.pdf, page 57>
File: CBS_Manuscript.pdf Graphic file (type pdf)
<use CBS_Manuscript.pdf, page 57>
File: CBS_Manuscript.pdf Graphic file (type pdf)
<use CBS_Manuscript.pdf, page 57>

[57]
File: CBS_Manuscript.pdf Graphic file (type pdf)
<use CBS_Manuscript.pdf, page 58>
File: CBS_Manuscript.pdf Graphic file (type pdf)
<use CBS_Manuscript.pdf, page 58>
File: CBS_Manuscript.pdf Graphic file (type pdf)
<use CBS_Manuscript.pdf, page 58>
 [58]
File: CBS_Manuscript.pdf Graphic file (type pdf)
<use CBS_Manuscript.pdf, page 59>
File: CBS_Manuscript.pdf Graphic file (type pdf)
<use CBS_Manuscript.pdf, page 59>
File: CBS_Manuscript.pdf Graphic file (type pdf)
<use CBS_Manuscript.pdf, page 59>
 [59]
File: CBS_Manuscript.pdf Graphic file (type pdf)
<use CBS_Manuscript.pdf, page 60>
File: CBS_Manuscript.pdf Graphic file (type pdf)
<use CBS_Manuscript.pdf, page 60>
File: CBS_Manuscript.pdf Graphic file (type pdf)
<use CBS_Manuscript.pdf, page 60>
 [60] (CBS.aux) ) 
Here is how much of TeX's memory you used:
 3386 strings out of 427272
 48946 string characters out of 3142459
 112676 words of memory out of 3000000
 7835 multiletter control sequences out of 15000+200000
 8133 words of font info for 17 fonts, out of 3000000 for 9000
 1348 hyphenation exceptions out of 8191
 45i,18n,45p,244b,438s stack positions out of 5000i,500n,10000p,200000b,50000s

Output written on CBS.pdf (60 pages).
